<?xml version="1.0" encoding="utf-8"?><testsuites name="pytest tests"><testsuite name="pytest" errors="0" failures="0" skipped="1" tests="21" time="2.347" timestamp="2026-08-26T10:28:01.006886+00:00" hostname="agent-env-a45d4612-bebb-41cb-a40c-8705eb1230f3"><testcase classname="tests.backend_test.TestRegression" name="test_notebooks" time="0.239" /><testcase classname="tests.backend_test.TestSubscribers" name="test_subscribe_valid" time="0.394" /><testcase classname="tests.backend_test.TestRegression" name="test_guestbook_public" time="0.068" /><testcase classname="tests.backend_test.TestRegression" name="test_guestbook_submit_and_moderate" time="0.260" /><testcase classname="tests.backend_test.TestSubscribers" name="test_subscribe_invalid[notanemail]" time="0.120" /><testcase classname="tests.backend_test.TestSubscribers" name="test_subscribe_invalid[a@b]" time="0.077" /><testcase classname="tests.backend_test.TestRegression" name="test_guestbook_short_message" time="0.110" /><testcase classname="tests.backend_test.TestSubscribers" name="test_subscribe_invalid[]" time="0.075" /><testcase classname="tests.backend_test.TestSubscribers" name="test_subscribe_invalid[  ]" time="0.077" /><testcase classname="tests.backend_test.TestRegression" name="test_ideas_requires_key" time="0.069" /><testcase classname="tests.backend_test.TestSubscribers" name="test_subscribe_invalid[foo@bar.]" time="0.077" /><testcase classname="tests.backend_test.TestNotify" name="test_notify_requires_key" time="0.066" /><testcase classname="tests.backend_test.TestNotify" name="test_notify_validation" time="0.134" /><testcase classname="tests.backend_test.TestSubscribers" name="test_list_requires_key" time="0.204" /><testcase classname="tests.backend_test.TestNotify" name="test_notify_send_once" time="0.642" /><testcase classname="tests.backend_test.TestSubscribers" name="test_owner_subscriber_present" time="0.082" /><testcase classname="tests.backend_test.TestSubscribers" name="test_delete_requires_key_and_404" time="0.213" /><testcase classname="tests.backend_test.TestSubscribers" name="test_delete_removes" time="0.298" /><testcase classname="tests.backend_test.TestArchive" name="test_archive_structure" time="0.068" /><testcase classname="tests.backend_test.TestNowWriting" name="test_now_writing" time="0.152" /><testcase classname="tests.backend_test.TestArchive" name="test_archive_excludes_drafts" time="0.069"><skipped type="pytest.skip" message="no /entries listing">/app/backend/tests/backend_test.py:142: no /entries listing</skipped></testcase></testsuite></testsuites>